#
# A fatal error has been detected by the Java Runtime Environment:
#
#  Internal Error (javaClasses.cpp:126), pid=11372, tid=11412
#  fatal error: Invalid layout of preloaded class
#
# JRE version:  (8.0_20-b26) (build )
# Java VM: Java HotSpot(TM) 64-Bit Server VM (25.20-b23 mixed mode windows-amd64 compressed oops)
# Failed to write core dump. Minidumps are not enabled by default on client versions of Windows
#
# If you would like to submit a bug report, please visit:
#   http://bugreport.sun.com/bugreport/crash.jsp
#

---------------  T H R E A D  ---------------

Current thread (0x000000000254e000):  JavaThread "Unknown thread" [_thread_in_vm, id=11412, stack(0x0000000002830000,0x0000000002930000)]

Stack: [0x0000000002830000,0x0000000002930000]
Native frames: (J=compiled Java code, j=interpreted, Vv=VM code, C=native code)
V  [jvm.dll+0x3152fa]
V  [jvm.dll+0x265d03]
V  [jvm.dll+0x266943]
V  [jvm.dll+0x25e1e6]
V  [jvm.dll+0x5e64c]
V  [jvm.dll+0x5e743]
V  [jvm.dll+0x7316a]
V  [jvm.dll+0x734c8]
V  [jvm.dll+0xe3937]
V  [jvm.dll+0xe3cc6]
V  [jvm.dll+0x1f89d7]
V  [jvm.dll+0x229fc4]
V  [jvm.dll+0x14c6f1]
C  [javaw.exe+0x20c6]
C  [javaw.exe+0xc9eb]
C  [javaw.exe+0xca7f]
C  [kernel32.dll+0x1652d]
C  [ntdll.dll+0x2c521]


---------------  P R O C E S S  ---------------

Java Threads: ( => current thread )

Other Threads:

=>0x000000000254e000 (exited) JavaThread "Unknown thread" [_thread_in_vm, id=11412, stack(0x0000000002830000,0x0000000002930000)]

VM state:not at safepoint (not fully initialized)

VM Mutex/Monitor currently owned by a thread: None

GC Heap History (0 events):
No events

Deoptimization events (0 events):
No events

Internal exceptions (0 events):
No events

Events (10 events):
Event: 0.401 loading class java/lang/CharSequence done
Event: 0.402 loading class java/lang/String done
Event: 0.402 loading class java/lang/Class
Event: 0.402 loading class java/lang/reflect/AnnotatedElement
Event: 0.402 loading class java/lang/reflect/AnnotatedElement done
Event: 0.402 loading class java/lang/reflect/GenericDeclaration
Event: 0.402 loading class java/lang/reflect/GenericDeclaration done
Event: 0.402 loading class java/lang/reflect/Type
Event: 0.402 loading class java/lang/reflect/Type done
Event: 0.402 loading class java/lang/Class done


Dynamic libraries:
0x000000013f980000 - 0x000000013f9b4000 	C:\Program Files\Java\jre1.8.0_20\bin\javaw.exe
0x0000000076d40000 - 0x0000000076ee9000 	C:\Windows\SYSTEM32\ntdll.dll
0x0000000076b20000 - 0x0000000076c3f000 	C:\Windows\system32\kernel32.dll
0x000007fefcf90000 - 0x000007fefcffb000 	C:\Windows\system32\KERNELBASE.dll
0x000007fefdd80000 - 0x000007fefde5b000 	C:\Windows\system32\ADVAPI32.dll
0x000007fefdce0000 - 0x000007fefdd7f000 	C:\Windows\system32\msvcrt.dll
0x000007fefd240000 - 0x000007fefd25f000 	C:\Windows\SYSTEM32\sechost.dll
0x000007fefef20000 - 0x000007feff04d000 	C:\Windows\system32\RPCRT4.dll
0x0000000076c40000 - 0x0000000076d3a000 	C:\Windows\system32\USER32.dll
0x000007fefd620000 - 0x000007fefd687000 	C:\Windows\system32\GDI32.dll
0x000007fefd690000 - 0x000007fefd69e000 	C:\Windows\system32\LPK.dll
0x000007fefd140000 - 0x000007fefd209000 	C:\Windows\system32\USP10.dll
0x000007fefb6e0000 - 0x000007fefb8d4000 	C:\Windows\WinSxS\amd64_microsoft.windows.common-controls_6595b64144ccf1df_6.0.7601.17514_none_fa396087175ac9ac\COMCTL32.dll
0x000007fefd5a0000 - 0x000007fefd611000 	C:\Windows\system32\SHLWAPI.dll
0x000007fefd210000 - 0x000007fefd23e000 	C:\Windows\system32\IMM32.DLL
0x000007fefd490000 - 0x000007fefd599000 	C:\Windows\system32\MSCTF.dll
0x0000000072930000 - 0x0000000072a02000 	C:\Program Files\Java\jre1.8.0_20\bin\msvcr100.dll
0x0000000056420000 - 0x0000000056c78000 	C:\Program Files\Java\jre1.8.0_20\bin\server\jvm.dll
0x000007fef2ae0000 - 0x000007fef2ae9000 	C:\Windows\system32\WSOCK32.dll
0x000007fefd260000 - 0x000007fefd2ad000 	C:\Windows\system32\WS2_32.dll
0x000007fefef10000 - 0x000007fefef18000 	C:\Windows\system32\NSI.dll
0x000007fefa980000 - 0x000007fefa9bb000 	C:\Windows\system32\WINMM.dll
0x0000000076f00000 - 0x0000000076f07000 	C:\Windows\system32\PSAPI.DLL
0x0000000059500000 - 0x000000005950f000 	C:\Program Files\Java\jre1.8.0_20\bin\verify.dll
0x0000000056310000 - 0x0000000056338000 	C:\Program Files\Java\jre1.8.0_20\bin\java.dll
0x00000000586c0000 - 0x00000000586d6000 	C:\Program Files\Java\jre1.8.0_20\bin\zip.dll
0x000007feefd30000 - 0x000007feefe55000 	C:\Windows\system32\dbghelp.dll

VM Arguments:
jvm_args: -XX:CompileCommand=exclude,org/hibernate/cfg/annotations/SimpleValueBinder,setType -Dfile.encoding=UTF-8 -Xbootclasspath:E:\Android\adt-bundle-windows-x86_64-20140702\sdk\platforms\android-20\android.jar 
java_command: com.test.Test
java_class_path (initial): E:\android_project\IMe\bin\classes;E:\android_project\IMe\libs\dom4j-1.6.1-hudson-1-sources.jar;E:\android_project\IMe\libs\commons-net-3.3.jar;E:\android_project\IMe\libs\volley.jar;E:\android_project\IMe\libs\universal-image-loader-1.9.3.jar;E:\android_project\appcompat_v7\libs\android-support-v4.jar;E:\android_project\IMe\libs\httpmime-4.2.3.jar;E:\android_project\IMe\libs\protobuf-java-2.5.0.jar;E:\android_project\IMe\libs\gson-2.2.4.jar;E:\android_project\IMe\libs\sun.misc.BASE64Decoder.jar;E:\android_project\IMe\libs\locSDK_4.2.jar;E:\android_project\IMe\libs\commons-codec-1.5.jar;E:\android_project\IMe\libs\xUtils-2.6.11.jar;E:\android_project\IMe\libs\bcs-sdk-java_1.4.5.jar;E:\android_project\appcompat_v7\libs\android-support-v7-appcompat.jar;E:\android_project\IMe\libs\ksoap2-android-assembly-3.3.0-jar-with-dependencies.jar;E:\android_project\appcompat_v7\bin\appcompat_v7.jar
Launcher Type: SUN_STANDARD

Environment Variables:
JAVA_HOME=C:\Program Files\Java\jdk1.8.0_20
CLASSPATH=.;C:\Program Files\Java\jdk1.8.0_20\lib;C:\Program Files\Java\jdk1.8.0_20\lib\tools.jar
PATH=C:/Program Files/Java/jre1.8.0_20/bin/server;C:/Program Files/Java/jre1.8.0_20/bin;C:/Program Files/Java/jre1.8.0_20/lib/amd64;C:\ProgramData\Oracle\Java\javapath;C:\Program Files (x86)\AMD APP\bin\x86_64;C:\Program Files (x86)\AMD APP\bin\x86;C:\Windows\system32;C:\Windows;C:\Windows\System32\Wbem;C:\Windows\System32\WindowsPowerShell\v1.0\;C:\Program Files (x86)\ATI Technologies\ATI.ACE\Core-StaticC:\Program Files\Java\jdk1.8.0_20\bin;C:\Program Files\Java\jdk1.8.0_20\jre\bin;;E:\Android\adt-bundle-windows-x86_64-20140702\eclipse;
USERNAME=liyuan
OS=Windows_NT
PROCESSOR_IDENTIFIER=Intel64 Family 6 Model 23 Stepping 10, GenuineIntel



---------------  S Y S T E M  ---------------

OS: Windows 7 , 64 bit Build 7601 Service Pack 1

CPU:total 4 (4 cores per cpu, 1 threads per core) family 6 model 23 stepping 10, cmov, cx8, fxsr, mmx, sse, sse2, sse3, ssse3, sse4.1, tsc

Memory: 4k page, physical 4126904k(1100868k free), swap 8251964k(2137624k free)

vm_info: Java HotSpot(TM) 64-Bit Server VM (25.20-b23) for windows-amd64 JRE (1.8.0_20-b26), built on Jul 30 2014 13:51:23 by "java_re" with MS VC++ 10.0 (VS2010)

time: Tue Oct 07 11:56:12 2014
elapsed time: 0 seconds (0d 0h 0m 0s)

